#
# A fatal error has been detected by the Java Runtime Environment:
#
#  EXCEPTION_ACCESS_VIOLATION (0xc0000005) at pc=0x000007fec80851d6, pid=1012, tid=6740
#
# JRE version: Java(TM) SE Runtime Environment (13.0.1+9) (build 13.0.1+9)
# Java VM: Java HotSpot(TM) 64-Bit Server VM (13.0.1+9, mixed mode, sharing, tiered, compressed oops, g1 gc, windows-amd64)
# Problematic frame:
# V  [jvm.dll+0x1951d6]
#
# No core dump will be written. Minidumps are not enabled by default on client versions of Windows
#
# If you would like to submit a bug report, please visit:
#   http://bugreport.java.com/bugreport/crash.jsp
#

---------------  S U M M A R Y ------------

Command Line: -javaagent:E:\JetBrains\IntelliJ IDEA Community Edition 2019.3\lib\idea_rt.jar=53223:E:\JetBrains\IntelliJ IDEA Community Edition 2019.3\bin -Dfile.encoding=UTF-8 net.atos.MycarrentApplication

Host: Intel(R) Core(TM)2 Quad CPU    Q6600  @ 2.40GHz, 4 cores, 5G,  Windows 7 , 64 bit Build 7601 (6.1.7601.18409)
Time: Sun Dec 15 23:23:50 2019 ?rodkowoeuropejski czas stand. elapsed time: 10 seconds (0d 0h 0m 10s)

---------------  T H R E A D  ---------------

Current thread (0x0000000022e10800):  GCTaskThread "GC Thread#2" [stack: 0x0000000023600000,0x0000000023700000] [id=6740]

Stack: [0x0000000023600000,0x0000000023700000],  sp=0x00000000236ff1c8,  free space=1020k
Native frames: (J=compiled Java code, j=interpreted, Vv=VM code, C=native code)
V  [jvm.dll+0x1951d6]


siginfo: EXCEPTION_ACCESS_VIOLATION (0xc0000005), reading address 0x0000000d01fea388


Register to memory mapping:

RIP=0x000007fec80851d6 jvm.dll
RAX=0x0 is NULL
RBX=0x0000000000000001 is an unknown value
RCX=0x00000000a2aa6250 is pointing into object: java.lang.reflect.Method 
{0x00000000a2aa6220} - klass: 'java/lang/reflect/Method'
RDX=0x00000000a2aa6250 is pointing into object: java.lang.reflect.Method 
{0x00000000a2aa6220} - klass: 'java/lang/reflect/Method'
RSP=0x00000000236ff1c8 points into unknown readable memory: 49 da 1f c8 fe 07 00 00
RBP=0x0000000024604fa0 points into unknown readable memory: 58 f8 76 c8 fe 07 00 00
RSI=0x0000000024604fa0 points into unknown readable memory: 58 f8 76 c8 fe 07 00 00
RDI=0x0000000024604fa0 points into unknown readable memory: 58 f8 76 c8 fe 07 00 00
R8 =0x00000000a2aa6250 is pointing into object: java.lang.reflect.Method 
{0x00000000a2aa6220} - klass: 'java/lang/reflect/Method'
R9 =0x0000000d01fea380 is an unknown value
R10=0x0000000800308548 is pointing into metadata
R11=0x00000000a2e546b8 is an oop: java.lang.Class 
{0x00000000a2e546b8} - klass: 'java/lang/Class'
R12=0x0 is NULL
R13=0x00000000000003d8 is an unknown value
R14=0x00000000a2aa6250 is pointing into object: java.lang.reflect.Method 
{0x00000000a2aa6220} - klass: 'java/lang/reflect/Method'
R15=0xa2aa64e8a2aa4f90 is an unknown value


Registers:
RAX=0x0000000000000000, RBX=0x0000000000000001, RCX=0x00000000a2aa6250, RDX=0x00000000a2aa6250
RSP=0x00000000236ff1c8, RBP=0x0000000024604fa0, RSI=0x0000000024604fa0, RDI=0x0000000024604fa0
R8 =0x00000000a2aa6250, R9 =0x0000000d01fea380, R10=0x0000000800308548, R11=0x00000000a2e546b8
R12=0x0000000000000000, R13=0x00000000000003d8, R14=0x00000000a2aa6250, R15=0xa2aa64e8a2aa4f90
RIP=0x000007fec80851d6, EFLAGS=0x0000000000010202

Top of Stack: (sp=0x00000000236ff1c8)
0x00000000236ff1c8:   000007fec81fda49 0000000000000008
0x00000000236ff1d8:   0000000024604fa0 00000000a2e54750
0x00000000236ff1e8:   00000000a2e155ad 00000000000045e9
0x00000000236ff1f8:   00000000000000d8 0000000100000100
0x00000000236ff208:   00000001c81d2454 0000000000000008
0x00000000236ff218:   0000000000000015 00000000000003d8
0x00000000236ff228:   0000000000000040 00000000004a3fb8
0x00000000236ff238:   0000000000000000 0000000024604fa0
0x00000000236ff248:   0000000000000020 00000000a2e54768
0x00000000236ff258:   000007fec81d43cd 000000029877e0cb
0x00000000236ff268:   000007fec81f0001 00000000a2e5384c
0x00000000236ff278:   0000000024604fa0 00000000004a3fb0
0x00000000236ff288:   000007fec81fbe3b 000000000000035a
0x00000000236ff298:   00000000a2aa51f8 000007fec7ef0000
0x00000000236ff2a8:   000007fec81fdf1d 0000000000000011
0x00000000236ff2b8:   0000000024604fa0 00000000a2e537c8 

Instructions: (pc=0x000007fec80851d6)
0x000007fec80850d6:   24 48 48 83 c4 30 5f c3 48 8b 07 48 8d 54 24 20
0x000007fec80850e6:   48 8b cf 66 0f 7f 44 24 20 ff 50 38 48 8b 5c 24
0x000007fec80850f6:   40 48 8b 74 24 48 48 83 c4 30 5f c3 cc cc cc cc
0x000007fec8085106:   cc cc cc cc cc cc cc cc cc cc 48 89 5c 24 08 57
0x000007fec8085116:   48 83 ec 30 48 8b 02 48 8b f9 48 8b ca 48 8b da
0x000007fec8085126:   ff 50 38 84 c0 74 48 0f 10 83 60 03 00 00 66 0f
0x000007fec8085136:   73 d8 08 66 48 0f 7e c0 48 85 c0 74 32 0f 10 83
0x000007fec8085146:   60 03 00 00 48 8b 07 48 8d 54 24 20 48 8b cf 0f
0x000007fec8085156:   29 44 24 20 ff 50 40 33 c0 48 89 44 24 20 48 89
0x000007fec8085166:   44 24 28 0f 10 44 24 20 0f 11 83 60 03 00 00 48
0x000007fec8085176:   8b 5c 24 40 48 83 c4 30 5f c3 48 8b 49 40 48 8b
0x000007fec8085186:   01 48 ff 60 28 cc cc cc cc cc 80 3d 2a cb 8e 00
0x000007fec8085196:   00 48 8b c1 74 1b 8b 51 08 8b 0d 3b 6d 86 00 48
0x000007fec80851a6:   d3 e2 48 8b c8 48 03 15 26 6d 86 00 e9 19 00 00
0x000007fec80851b6:   00 48 8b 51 08 48 8b c8 e9 0d 00 00 00 cc cc cc
0x000007fec80851c6:   cc cc cc cc cc cc cc cc cc cc 4c 8b ca 48 8b d1
0x000007fec80851d6:   45 8b 41 08 45 85 c0 7e 0e 41 f6 c0 01 75 56 41
0x000007fec80851e6:   c1 f8 03 41 8b c0 c3 79 4c 80 3d cb ca 8e 00 00
0x000007fec80851f6:   b8 0c 00 00 00 b9 10 00 00 00 0f 45 c8 8b 05 6b
0x000007fec8085206:   7f 86 00 ff c8 4c 63 c8 48 63 14 11 41 8b c8 83
0x000007fec8085216:   e1 3f 48 d3 e2 41 8b c8 48 c1 f9 10 0f b6 c1 49
0x000007fec8085226:   8d 0c 11 49 f7 d1 48 03 c1 49 c1 e9 03 48 c1 e8
0x000007fec8085236:   03 41 23 c1 c3 49 8b 01 49 8b c9 48 ff a0 00 01
0x000007fec8085246:   00 00 cc cc cc cc cc cc cc cc 48 8b c2 c3 cc cc
0x000007fec8085256:   cc cc cc cc cc cc cc cc cc cc 48 83 ec 38 0f 10
0x000007fec8085266:   02 48 8b 49 40 48 8d 54 24 20 0f 29 44 24 20 e8
0x000007fec8085276:   d6 ef ff ff 48 83 c4 38 c3 cc 48 83 ec 38 0f 10
0x000007fec8085286:   02 48 8b 01 48 8d 54 24 20 0f 29 44 24 20 ff 50
0x000007fec8085296:   38 48 83 c4 38 c3 cc cc cc cc 48 89 5c 24 08 55
0x000007fec80852a6:   56 57 41 54 41 55 41 56 41 57 48 8d 6c 24 e0 48
0x000007fec80852b6:   81 ec 20 01 00 00 48 8b 05 f5 bc 89 00 48 33 c4
0x000007fec80852c6:   48 89 45 10 48 8b 05 5f 47 8c 00 45 33 ed 4c 8b 


Stack slot to memory mapping:
stack at sp + 0 slots: 0x000007fec81fda49 jvm.dll
stack at sp + 1 slots: 0x0000000000000008 is an unknown value
stack at sp + 2 slots: 0x0000000024604fa0 points into unknown readable memory: 58 f8 76 c8 fe 07 00 00
stack at sp + 3 slots: 0x00000000a2e54750 is an oop: java.lang.Class$ReflectionData 
{0x00000000a2e54750} - klass: 'java/lang/Class$ReflectionData'
stack at sp + 4 slots: 0x00000000a2e155ad is pointing into object: [Ljava.util.concurrent.ConcurrentHashMap$Node; 
{0x00000000a2e151a0} - klass: 'java/util/concurrent/ConcurrentHashMap$Node'[]
 - length: 256
stack at sp + 5 slots: 0x00000000000045e9 is an unknown value
stack at sp + 6 slots: 0x00000000000000d8 is an unknown value
stack at sp + 7 slots: 0x0000000100000100 is an unknown value


---------------  P R O C E S S  ---------------

Threads class SMR info:
_java_thread_list=0x0000000025bb0bc0, length=18, elements={
0x0000000000487000, 0x0000000020590800, 0x0000000020592800, 0x0000000021138800,
0x000000002113a800, 0x000000002113b800, 0x000000002113e800, 0x000000002113f800,
0x0000000021f70800, 0x00000000226f7000, 0x0000000022700800, 0x0000000027d01000,
0x000000002592e000, 0x0000000026365800, 0x0000000026052000, 0x000000002413e800,
0x0000000025a7b000, 0x0000000025d30000
}

Java Threads: ( => current thread )
  0x0000000000487000 JavaThread "main" [_thread_blocked, id=6328, stack(0x0000000002200000,0x0000000002300000)]
  0x0000000020590800 JavaThread "Reference Handler" daemon [_thread_blocked, id=3084, stack(0x0000000021520000,0x0000000021620000)]
  0x0000000020592800 JavaThread "Finalizer" daemon [_thread_blocked, id=7384, stack(0x0000000021270000,0x0000000021370000)]
  0x0000000021138800 JavaThread "Signal Dispatcher" daemon [_thread_blocked, id=6544, stack(0x0000000021860000,0x0000000021960000)]
  0x000000002113a800 JavaThread "Attach Listener" daemon [_thread_blocked, id=8136, stack(0x0000000021710000,0x0000000021810000)]
  0x000000002113b800 JavaThread "C2 CompilerThread0" daemon [_thread_blocked, id=7552, stack(0x0000000021ab0000,0x0000000021bb0000)]
  0x000000002113e800 JavaThread "C1 CompilerThread0" daemon [_thread_blocked, id=7408, stack(0x0000000021c90000,0x0000000021d90000)]
  0x000000002113f800 JavaThread "Sweeper thread" daemon [_thread_blocked, id=7528, stack(0x0000000021e60000,0x0000000021f60000)]
  0x0000000021f70800 JavaThread "Common-Cleaner" daemon [_thread_blocked, id=6420, stack(0x00000000223c0000,0x00000000224c0000)]
  0x00000000226f7000 JavaThread "Monitor Ctrl-Break" daemon [_thread_in_native, id=6692, stack(0x0000000022f50000,0x0000000023050000)]
  0x0000000022700800 JavaThread "Service Thread" daemon [_thread_blocked, id=4448, stack(0x00000000230b0000,0x00000000231b0000)]
  0x0000000027d01000 JavaThread "Catalina-utility-1" [_thread_blocked, id=7908, stack(0x0000000028fa0000,0x00000000290a0000)]
  0x000000002592e000 JavaThread "Catalina-utility-2" [_thread_blocked, id=7808, stack(0x00000000291b0000,0x00000000292b0000)]
  0x0000000026365800 JavaThread "container-0" [_thread_blocked, id=7812, stack(0x0000000028ea0000,0x0000000028fa0000)]
  0x0000000026052000 JavaThread "Abandoned connection cleanup thread" daemon [_thread_blocked, id=1520, stack(0x0000000029520000,0x0000000029620000)]
  0x000000002413e800 JavaThread "HikariPool-1 housekeeper" daemon [_thread_blocked, id=7488, stack(0x0000000029870000,0x0000000029970000)]
  0x0000000025a7b000 JavaThread "C2 CompilerThread1" daemon [_thread_blocked, id=6244, stack(0x0000000029990000,0x0000000029a90000)]
  0x0000000025d30000 JavaThread "HikariPool-1 connection adder" daemon [_thread_blocked, id=7180, stack(0x0000000029b80000,0x0000000029c80000)]

Other Threads:
  0x000000002058c000 VMThread "VM Thread" [stack: 0x0000000021370000,0x0000000021470000] [id=5228]
  0x000000002270a000 WatcherThread [stack: 0x00000000219a0000,0x0000000021aa0000] [id=1748]
  0x00000000004c4000 GCTaskThread "GC Thread#0" [stack: 0x000000001dc00000,0x000000001dd00000] [id=2916]
  0x0000000022d37800 GCTaskThread "GC Thread#1" [stack: 0x00000000232f0000,0x00000000233f0000] [id=4672]
=>0x0000000022e10800 GCTaskThread "GC Thread#2" [stack: 0x0000000023600000,0x0000000023700000] [id=6740]
  0x0000000022e12000 GCTaskThread "GC Thread#3" [stack: 0x0000000023780000,0x0000000023880000] [id=3900]
  0x00000000004d2000 ConcurrentGCThread "G1 Main Marker" [stack: 0x000000001ded0000,0x000000001dfd0000] [id=2960]
  0x00000000004d3000 ConcurrentGCThread "G1 Conc#0" [stack: 0x000000001e070000,0x000000001e170000] [id=3784]
  0x00000000204dd800 ConcurrentGCThread "G1 Refine#0" [stack: 0x0000000020750000,0x0000000020850000] [id=7008]
  0x00000000204e1800 ConcurrentGCThread "G1 Young RemSet Sampling" [stack: 0x00000000205c0000,0x00000000206c0000] [id=7564]

Threads with active compile tasks:
C2 CompilerThread0    10745 4429       4       jdk.internal.loader.ClassLoaders$AppClassLoader::defineOrCheckPackage (8 bytes)
C2 CompilerThread1    10745 4427       4       jdk.internal.loader.BuiltinClassLoader::defineClass (121 bytes)

VM state:at safepoint (normal execution)

VM Mutex/Monitor currently owned by a thread:  ([mutex/lock_event])
[0x0000000000482e90] Threads_lock - owner thread: 0x000000002058c000
[0x0000000000483790] Heap_lock - owner thread: 0x0000000000487000

Heap address: 0x00000000a0000000, size: 1536 MB, Compressed Oops mode: 32-bit
Narrow klass base: 0x0000000800000000, Narrow klass shift: 3
Compressed class space size: 1073741824 Address: 0x0000000800b40000

Heap:
 garbage-first heap   total 77824K, used 51297K [0x00000000a0000000, 0x0000000100000000)
  region size 1024K, 32 young (32768K), 4 survivors (4096K)
 Metaspace       used 45614K, capacity 46586K, committed 46720K, reserved 1089536K
  class space    used 5828K, capacity 6219K, committed 6272K, reserved 1048576K
Heap Regions: E=young(eden), S=young(survivor), O=old, HS=humongous(starts), HC=humongous(continues), CS=collection set, F=free, A=archive, TAMS=top-at-mark-start (previous, next)
|   0|0x00000000a0000000, 0x00000000a0100000, 0x00000000a0100000|100%|HS|  |TAMS 0x00000000a0100000, 0x00000000a0000000| Complete 
|   1|0x00000000a0100000, 0x00000000a0200000, 0x00000000a0200000|100%| O|  |TAMS 0x00000000a0200000, 0x00000000a0100000| Untracked 
|   2|0x00000000a0200000, 0x00000000a0300000, 0x00000000a0300000|100%| O|  |TAMS 0x00000000a0300000, 0x00000000a0200000| Untracked 
|   3|0x00000000a0300000, 0x00000000a0400000, 0x00000000a0400000|100%| O|  |TAMS 0x00000000a0400000, 0x00000000a0300000| Untracked 
|   4|0x00000000a0400000, 0x00000000a0500000, 0x00000000a0500000|100%| O|  |TAMS 0x00000000a0500000, 0x00000000a0400000| Untracked 
|   5|0x00000000a0500000, 0x00000000a05c0e00, 0x00000000a0600000| 75%| O|  |TAMS 0x00000000a05c0e00, 0x00000000a0500000| Untracked 
|   6|0x00000000a0600000, 0x00000000a0700000, 0x00000000a0700000|100%| O|  |TAMS 0x00000000a0700000, 0x00000000a0600000| Untracked 
|   7|0x00000000a0700000, 0x00000000a0800000, 0x00000000a0800000|100%| O|  |TAMS 0x00000000a0800000, 0x00000000a0700000| Untracked 
|   8|0x00000000a0800000, 0x00000000a0900000, 0x00000000a0900000|100%| O|  |TAMS 0x00000000a0900000, 0x00000000a0800000| Untracked 
|   9|0x00000000a0900000, 0x00000000a0a00000, 0x00000000a0a00000|100%| O|  |TAMS 0x00000000a0a00000, 0x00000000a0900000| Untracked 
|  10|0x00000000a0a00000, 0x00000000a0b00000, 0x00000000a0b00000|100%| O|  |TAMS 0x00000000a0b00000, 0x00000000a0a00000| Untracked 
|  11|0x00000000a0b00000, 0x00000000a0c00000, 0x00000000a0c00000|100%| O|  |TAMS 0x00000000a0c00000, 0x00000000a0b00000| Untracked 
|  12|0x00000000a0c00000, 0x00000000a0d00000, 0x00000000a0d00000|100%| O|  |TAMS 0x00000000a0d00000, 0x00000000a0c00000| Untracked 
|  13|0x00000000a0d00000, 0x00000000a0e00000, 0x00000000a0e00000|100%| O|  |TAMS 0x00000000a0e00000, 0x00000000a0d00000| Untracked 
|  14|0x00000000a0e00000, 0x00000000a0f00000, 0x00000000a0f00000|100%| O|  |TAMS 0x00000000a0f00000, 0x00000000a0e00000| Untracked 
|  15|0x00000000a0f00000, 0x00000000a1000000, 0x00000000a1000000|100%| O|  |TAMS 0x00000000a1000000, 0x00000000a0f00000| Untracked 
|  16|0x00000000a1000000, 0x00000000a1100000, 0x00000000a1100000|100%| O|  |TAMS 0x00000000a10be800, 0x00000000a1000000| Untracked 
|  17|0x00000000a1100000, 0x00000000a1200000, 0x00000000a1200000|100%| O|  |TAMS 0x00000000a1100000, 0x00000000a1100000| Untracked 
|  18|0x00000000a1200000, 0x00000000a1300000, 0x00000000a1300000|100%| O|  |TAMS 0x00000000a1200000, 0x00000000a1200000| Untracked 
|  19|0x00000000a1300000, 0x00000000a1400000, 0x00000000a1400000|100%| O|  |TAMS 0x00000000a1300000, 0x00000000a1300000| Untracked 
|  20|0x00000000a1400000, 0x00000000a142cff0, 0x00000000a1500000| 17%| O|  |TAMS 0x00000000a1400000, 0x00000000a1400000| Untracked 
|  21|0x00000000a1500000, 0x00000000a1500000, 0x00000000a1600000|  0%| F|  |TAMS 0x00000000a1500000, 0x00000000a1500000| Untracked 
|  22|0x00000000a1600000, 0x00000000a1600000, 0x00000000a1700000|  0%| F|  |TAMS 0x00000000a1600000, 0x00000000a1600000| Untracked 
|  23|0x00000000a1700000, 0x00000000a1700000, 0x00000000a1800000|  0%| F|  |TAMS 0x00000000a1700000, 0x00000000a1700000| Untracked 
|  24|0x00000000a1800000, 0x00000000a1800000, 0x00000000a1900000|  0%| F|  |TAMS 0x00000000a1800000, 0x00000000a1800000| Untracked 
|  25|0x00000000a1900000, 0x00000000a1900000, 0x00000000a1a00000|  0%| F|  |TAMS 0x00000000a1900000, 0x00000000a1900000| Untracked 
|  26|0x00000000a1a00000, 0x00000000a1a00000, 0x00000000a1b00000|  0%| F|  |TAMS 0x00000000a1a00000, 0x00000000a1a00000| Untracked 
|  27|0x00000000a1b00000, 0x00000000a1b00000, 0x00000000a1c00000|  0%| F|  |TAMS 0x00000000a1b00000, 0x00000000a1b00000| Untracked 
|  28|0x00000000a1c00000, 0x00000000a1c00000, 0x00000000a1d00000|  0%| F|  |TAMS 0x00000000a1c00000, 0x00000000a1c00000| Untracked 
|  29|0x00000000a1d00000, 0x00000000a1d00000, 0x00000000a1e00000|  0%| F|  |TAMS 0x00000000a1d00000, 0x00000000a1d00000| Untracked 
|  30|0x00000000a1e00000, 0x00000000a1e00000, 0x00000000a1f00000|  0%| F|  |TAMS 0x00000000a1e00000, 0x00000000a1e00000| Untracked 
|  31|0x00000000a1f00000, 0x00000000a1f00000, 0x00000000a2000000|  0%| F|  |TAMS 0x00000000a1f00000, 0x00000000a1f00000| Untracked 
|  32|0x00000000a2000000, 0x00000000a2000000, 0x00000000a2100000|  0%| F|  |TAMS 0x00000000a2000000, 0x00000000a2000000| Untracked 
|  33|0x00000000a2100000, 0x00000000a2100000, 0x00000000a2200000|  0%| F|  |TAMS 0x00000000a2100000, 0x00000000a2100000| Untracked 
|  34|0x00000000a2200000, 0x00000000a2200000, 0x00000000a2300000|  0%| F|  |TAMS 0x00000000a2200000, 0x00000000a2200000| Untracked 
|  35|0x00000000a2300000, 0x00000000a2300000, 0x00000000a2400000|  0%| F|  |TAMS 0x00000000a2300000, 0x00000000a2300000| Untracked 
|  36|0x00000000a2400000, 0x00000000a2400000, 0x00000000a2500000|  0%| F|  |TAMS 0x00000000a2400000, 0x00000000a2400000| Untracked 
|  37|0x00000000a2500000, 0x00000000a2500000, 0x00000000a2600000|  0%| F|  |TAMS 0x00000000a2500000, 0x00000000a2500000| Untracked 
|  38|0x00000000a2600000, 0x00000000a2600000, 0x00000000a2700000|  0%| F|  |TAMS 0x00000000a2600000, 0x00000000a2600000| Untracked 
|  39|0x00000000a2700000, 0x00000000a2700000, 0x00000000a2800000|  0%| F|  |TAMS 0x00000000a2700000, 0x00000000a2700000| Untracked 
|  40|0x00000000a2800000, 0x00000000a282fa68, 0x00000000a2900000| 18%| E|CS|TAMS 0x00000000a2800000, 0x00000000a2800000| Complete 
|  41|0x00000000a2900000, 0x00000000a2a00000, 0x00000000a2a00000|100%| E|CS|TAMS 0x00000000a2900000, 0x00000000a2900000| Complete 
|  42|0x00000000a2a00000, 0x00000000a2b00000, 0x00000000a2b00000|100%| E|CS|TAMS 0x00000000a2a00000, 0x00000000a2a00000| Complete 
|  43|0x00000000a2b00000, 0x00000000a2c00000, 0x00000000a2c00000|100%| E|CS|TAMS 0x00000000a2b00000, 0x00000000a2b00000| Complete 
|  44|0x00000000a2c00000, 0x00000000a2caec68, 0x00000000a2d00000| 68%| S|  |TAMS 0x00000000a2c00000, 0x00000000a2c00000| Complete 
|  45|0x00000000a2d00000, 0x00000000a2e00000, 0x00000000a2e00000|100%| S|  |TAMS 0x00000000a2d00000, 0x00000000a2d00000| Complete 
|  46|0x00000000a2e00000, 0x00000000a2f00000, 0x00000000a2f00000|100%| S|  |TAMS 0x00000000a2e00000, 0x00000000a2e00000| Complete 
|  47|0x00000000a2f00000, 0x00000000a3000000, 0x00000000a3000000|100%| S|  |TAMS 0x00000000a2f00000, 0x00000000a2f00000| Complete 
|  48|0x00000000a3000000, 0x00000000a3100000, 0x00000000a3100000|100%| E|CS|TAMS 0x00000000a3000000, 0x00000000a3000000| Complete 
|  49|0x00000000a3100000, 0x00000000a3200000, 0x00000000a3200000|100%| E|CS|TAMS 0x00000000a3100000, 0x00000000a3100000| Complete 
|  50|0x00000000a3200000, 0x00000000a3300000, 0x00000000a3300000|100%| E|CS|TAMS 0x00000000a3200000, 0x00000000a3200000| Complete 
|  51|0x00000000a3300000, 0x00000000a3400000, 0x00000000a3400000|100%| E|CS|TAMS 0x00000000a3300000, 0x00000000a3300000| Complete 
|  52|0x00000000a3400000, 0x00000000a3500000, 0x00000000a3500000|100%| E|CS|TAMS 0x00000000a3400000, 0x00000000a3400000| Complete 
|  53|0x00000000a3500000, 0x00000000a3600000, 0x00000000a3600000|100%| E|CS|TAMS 0x00000000a3500000, 0x00000000a3500000| Complete 
|  54|0x00000000a3600000, 0x00000000a3700000, 0x00000000a3700000|100%| E|CS|TAMS 0x00000000a3600000, 0x00000000a3600000| Complete 
|  55|0x00000000a3700000, 0x00000000a3800000, 0x00000000a3800000|100%| E|CS|TAMS 0x00000000a3700000, 0x00000000a3700000| Complete 
|  56|0x00000000a3800000, 0x00000000a3900000, 0x00000000a3900000|100%| E|CS|TAMS 0x00000000a3800000, 0x00000000a3800000| Complete 
|  57|0x00000000a3900000, 0x00000000a3a00000, 0x00000000a3a00000|100%| E|CS|TAMS 0x00000000a3900000, 0x00000000a3900000| Complete 
|  58|0x00000000a3a00000, 0x00000000a3b00000, 0x00000000a3b00000|100%| E|CS|TAMS 0x00000000a3a00000, 0x00000000a3a00000| Complete 
|  59|0x00000000a3b00000, 0x00000000a3c00000, 0x00000000a3c00000|100%| E|CS|TAMS 0x00000000a3b00000, 0x00000000a3b00000| Complete 
|  60|0x00000000a3c00000, 0x00000000a3d00000, 0x00000000a3d00000|100%| E|CS|TAMS 0x00000000a3c00000, 0x00000000a3c00000| Complete 
|  61|0x00000000a3d00000, 0x00000000a3e00000, 0x00000000a3e00000|100%| E|CS|TAMS 0x00000000a3d00000, 0x00000000a3d00000| Complete 
|  62|0x00000000a3e00000, 0x00000000a3f00000, 0x00000000a3f00000|100%| E|CS|TAMS 0x00000000a3e00000, 0x00000000a3e00000| Complete 
|  63|0x00000000a3f00000, 0x00000000a4000000, 0x00000000a4000000|100%| E|CS|TAMS 0x00000000a3f00000, 0x00000000a3f00000| Complete 
|  64|0x00000000a4000000, 0x00000000a4100000, 0x00000000a4100000|100%| E|CS|TAMS 0x00000000a4000000, 0x00000000a4000000| Complete 
|  65|0x00000000a4100000, 0x00000000a4200000, 0x00000000a4200000|100%| E|CS|TAMS 0x00000000a4100000, 0x00000000a4100000| Complete 
|  66|0x00000000a4200000, 0x00000000a4300000, 0x00000000a4300000|100%| E|CS|TAMS 0x00000000a4200000, 0x00000000a4200000| Complete 
|  67|0x00000000a4300000, 0x00000000a4400000, 0x00000000a4400000|100%| E|CS|TAMS 0x00000000a4300000, 0x00000000a4300000| Complete 
|  68|0x00000000a4400000, 0x00000000a4500000, 0x00000000a4500000|100%| E|CS|TAMS 0x00000000a4400000, 0x00000000a4400000| Complete 
|  89|0x00000000a5900000, 0x00000000a5a00000, 0x00000000a5a00000|100%| E|CS|TAMS 0x00000000a5900000, 0x00000000a5900000| Complete 
|  90|0x00000000a5a00000, 0x00000000a5b00000, 0x00000000a5b00000|100%| E|CS|TAMS 0x00000000a5a00000, 0x00000000a5a00000| Complete 
|  91|0x00000000a5b00000, 0x00000000a5c00000, 0x00000000a5c00000|100%| E|CS|TAMS 0x00000000a5b00000, 0x00000000a5b00000| Complete 
|  92|0x00000000a5c00000, 0x00000000a5d00000, 0x00000000a5d00000|100%| E|CS|TAMS 0x00000000a5c00000, 0x00000000a5c00000| Complete 
|  93|0x00000000a5d00000, 0x00000000a5e00000, 0x00000000a5e00000|100%| E|CS|TAMS 0x00000000a5d00000, 0x00000000a5d00000| Complete 
| 114|0x00000000a7200000, 0x00000000a7300000, 0x00000000a7300000|100%| E|CS|TAMS 0x00000000a7200000, 0x00000000a7200000| Complete 
| 115|0x00000000a7300000, 0x00000000a7400000, 0x00000000a7400000|100%| E|CS|TAMS 0x00000000a7300000, 0x00000000a7300000| Complete 

Card table byte_map: [0x000000001a540000,0x000000001a840000] _byte_map_base: 0x000000001a040000

Marking Bits (Prev, Next): (CMBitMap*) 0x00000000004c4ec8, (CMBitMap*) 0x00000000004c4e88
 Prev Bits: [0x000000001c340000, 0x000000001db40000)
 Next Bits: [0x000000001ab40000, 0x000000001c340000)

Polling page: 0x0000000000340000

Metaspace:

Usage:
  Non-class:     39.42 MB capacity,    38.85 MB ( 99%) used,   461.05 KB (  1%) free+waste,   120.13 KB ( <1%) overhead. 
      Class:      6.07 MB capacity,     5.69 MB ( 94%) used,   334.35 KB (  5%) free+waste,    55.94 KB ( <1%) overhead. 
       Both:     45.49 MB capacity,    44.55 MB ( 98%) used,   795.41 KB (  2%) free+waste,   176.06 KB ( <1%) overhead. 

Virtual space:
  Non-class space:       40.00 MB reserved,      39.50 MB ( 99%) committed 
      Class space:        1.00 GB reserved,       6.13 MB ( <1%) committed 
             Both:        1.04 GB reserved,      45.63 MB (  4%) committed 

Chunk freelists:
   Non-Class:  17.00 KB
       Class:  21.00 KB
        Both:  38.00 KB

MaxMetaspaceSize: 17179869184.00 GB
CompressedClassSpaceSize: 1.00 GB

CodeHeap 'non-profiled nmethods': size=120064Kb used=2436Kb max_used=2436Kb free=117627Kb
 bounds [0x0000000012700000, 0x0000000012970000, 0x0000000019c40000]
CodeHeap 'profiled nmethods': size=120000Kb used=11796Kb max_used=11796Kb free=108203Kb
 bounds [0x000000000b1d0000, 0x000000000bd60000, 0x0000000012700000]
CodeHeap 'non-nmethods': size=5696Kb used=1307Kb max_used=1332Kb free=4388Kb
 bounds [0x000000000ac40000, 0x000000000aeb0000, 0x000000000b1d0000]
 total_blobs=6650 nmethods=4549 adapters=499
 compilation: enabled
              stopped_count=0, restarted_count=0
 full_count=0

Compilation events (20 events):
Event: 10.309 Thread 0x000000002113e800 4700       1       org.hibernate.validator.internal.metadata.raw.ConstrainedParameter::getIndex (5 bytes)
Event: 10.309 Thread 0x000000002113e800 nmethod 4700 0x0000000012960b10 code [0x0000000012960ca0, 0x0000000012960dd8]
Event: 10.309 Thread 0x000000002113e800 4690       1       java.lang.reflect.Parameter::getDeclaringExecutable (5 bytes)
Event: 10.309 Thread 0x000000002113e800 nmethod 4690 0x0000000012960e90 code [0x0000000012961020, 0x0000000012961158]
Event: 10.309 Thread 0x000000002113e800 4702       3       org.hibernate.validator.internal.metadata.raw.AbstractConstrainedElement::isConstrained (50 bytes)
Event: 10.310 Thread 0x000000002113e800 nmethod 4702 0x000000000bd4e510 code [0x000000000bd4e700, 0x000000000bd4ec80]
Event: 10.310 Thread 0x000000002113e800 4703       3       sun.reflect.annotation.TypeAnnotationParser::buildAnnotatedType (114 bytes)
Event: 10.311 Thread 0x000000002113e800 nmethod 4703 0x000000000bd4ee10 code [0x000000000bd4f060, 0x000000000bd4fae0]
Event: 10.311 Thread 0x000000002113e800 4706       3       org.hibernate.validator.internal.metadata.aggregated.MetaDataBuilder::<init> (45 bytes)
Event: 10.312 Thread 0x000000002113e800 nmethod 4706 0x000000000bd4ff90 code [0x000000000bd501e0, 0x000000000bd50e58]
Event: 10.312 Thread 0x000000002113e800 4707       3       org.hibernate.validator.internal.metadata.aggregated.ExecutableMetaData::hashCode (23 bytes)
Event: 10.312 Thread 0x000000002113e800 nmethod 4707 0x000000000bd51190 code [0x000000000bd51360, 0x000000000bd51640]
Event: 10.312 Thread 0x000000002113e800 4704       3       org.hibernate.validator.internal.metadata.provider.AnnotationMetaDataProvider::getGroupConversions (27 bytes)
Event: 10.313 Thread 0x000000002113e800 nmethod 4704 0x000000000bd51790 code [0x000000000bd51980, 0x000000000bd51f50]
Event: 10.313 Thread 0x000000002113e800 4708       3       org.hibernate.validator.internal.metadata.aggregated.rule.MethodConfigurationRule::isDefinedOnParallelType (41 bytes)
Event: 10.313 Thread 0x000000002113e800 nmethod 4708 0x000000000bd52090 code [0x000000000bd52280, 0x000000000bd52700]
Event: 10.313 Thread 0x000000002113e800 4705       3       org.hibernate.validator.internal.metadata.provider.AnnotationMetaDataProvider::getGroupConversions (180 bytes)
Event: 10.316 Thread 0x000000002113e800 nmethod 4705 0x000000000bd52910 code [0x000000000bd52d00, 0x000000000bd55120]
Event: 10.316 Thread 0x000000002113e800 4709       3       java.util.Collections$EmptyMap::keySet (4 bytes)
Event: 10.316 Thread 0x000000002113e800 nmethod 4709 0x000000000bd55b10 code [0x000000000bd55cc0, 0x000000000bd55e98]

GC Heap History (20 events):
Event: 3.501 GC heap after
{Heap after GC invocations=6 (full 0):
 garbage-first heap   total 118784K, used 11011K [0x00000000a0000000, 0x0000000100000000)
  region size 1024K, 5 young (5120K), 5 survivors (5120K)
 Metaspace       used 20616K, capacity 21156K, committed 21248K, reserved 1067008K
  class space    used 2526K, capacity 2741K, committed 2816K, reserved 1048576K
}
Event: 4.141 GC heap before
{Heap before GC invocations=7 (full 0):
 garbage-first heap   total 45056K, used 32515K [0x00000000a0000000, 0x0000000100000000)
  region size 1024K, 26 young (26624K), 5 survivors (5120K)
 Metaspace       used 21602K, capacity 22245K, committed 22400K, reserved 1069056K
  class space    used 2659K, capacity 2907K, committed 2944K, reserved 1048576K
}
Event: 4.167 GC heap after
{Heap after GC invocations=8 (full 0):
 garbage-first heap   total 45056K, used 12725K [0x00000000a0000000, 0x0000000100000000)
  region size 1024K, 3 young (3072K), 3 survivors (3072K)
 Metaspace       used 21602K, capacity 22245K, committed 22400K, reserved 1069056K
  class space    used 2659K, capacity 2907K, committed 2944K, reserved 1048576K
}
Event: 4.948 GC heap before
{Heap before GC invocations=8 (full 0):
 garbage-first heap   total 45056K, used 33205K [0x00000000a0000000, 0x0000000100000000)
  region size 1024K, 23 young (23552K), 3 survivors (3072K)
 Metaspace       used 23909K, capacity 24556K, committed 24832K, reserved 1071104K
  class space    used 2970K, capacity 3226K, committed 3328K, reserved 1048576K
}
Event: 4.964 GC heap after
{Heap after GC invocations=9 (full 0):
 garbage-first heap   total 45056K, used 14227K [0x00000000a0000000, 0x0000000100000000)
  region size 1024K, 3 young (3072K), 3 survivors (3072K)
 Metaspace       used 23909K, capacity 24556K, committed 24832K, reserved 1071104K
  class space    used 2970K, capacity 3226K, committed 3328K, reserved 1048576K
}
Event: 5.649 GC heap before
{Heap before GC invocations=9 (full 0):
 garbage-first heap   total 45056K, used 32659K [0x00000000a0000000, 0x0000000100000000)
  region size 1024K, 21 young (21504K), 3 survivors (3072K)
 Metaspace       used 25818K, capacity 26512K, committed 26624K, reserved 1073152K
  class space    used 3200K, capacity 3490K, committed 3584K, reserved 1048576K
}
Event: 5.666 GC heap after
{Heap after GC invocations=10 (full 0):
 garbage-first heap   total 60416K, used 15329K [0x00000000a0000000, 0x0000000100000000)
  region size 1024K, 3 young (3072K), 3 survivors (3072K)
 Metaspace       used 25818K, capacity 26512K, committed 26624K, reserved 1073152K
  class space    used 3200K, capacity 3490K, committed 3584K, reserved 1048576K
}
Event: 6.599 GC heap before
{Heap before GC invocations=10 (full 0):
 garbage-first heap   total 60416K, used 39905K [0x00000000a0000000, 0x0000000100000000)
  region size 1024K, 27 young (27648K), 3 survivors (3072K)
 Metaspace       used 28369K, capacity 29242K, committed 29568K, reserved 1075200K
  class space    used 3537K, capacity 3880K, committed 3968K, reserved 1048576K
}
Event: 6.629 GC heap after
{Heap after GC invocations=11 (full 0):
 garbage-first heap   total 60416K, used 16962K [0x00000000a0000000, 0x0000000100000000)
  region size 1024K, 4 young (4096K), 4 survivors (4096K)
 Metaspace       used 28369K, capacity 29242K, committed 29568K, reserved 1075200K
  class space    used 3537K, capacity 3880K, committed 3968K, reserved 1048576K
}
Event: 7.599 GC heap before
{Heap before GC invocations=11 (full 0):
 garbage-first heap   total 60416K, used 40514K [0x00000000a0000000, 0x0000000100000000)
  region size 1024K, 28 young (28672K), 4 survivors (4096K)
 Metaspace       used 31044K, capacity 31917K, committed 32128K, reserved 1077248K
  class space    used 3824K, capacity 4193K, committed 4224K, reserved 1048576K
}
Event: 7.621 GC heap after
{Heap after GC invocations=12 (full 0):
 garbage-first heap   total 60416K, used 18435K [0x00000000a0000000, 0x0000000100000000)
  region size 1024K, 4 young (4096K), 4 survivors (4096K)
 Metaspace       used 31044K, capacity 31917K, committed 32128K, reserved 1077248K
  class space    used 3824K, capacity 4193K, committed 4224K, reserved 1048576K
}
Event: 7.644 GC heap before
{Heap before GC invocations=12 (full 0):
 garbage-first heap   total 60416K, used 41987K [0x00000000a0000000, 0x0000000100000000)
  region size 1024K, 28 young (28672K), 4 survivors (4096K)
 Metaspace       used 31044K, capacity 31917K, committed 32128K, reserved 1077248K
  class space    used 3824K, capacity 4193K, committed 4224K, reserved 1048576K
}
Event: 7.658 GC heap after
{Heap after GC invocations=13 (full 0):
 garbage-first heap   total 60416K, used 18556K [0x00000000a0000000, 0x0000000100000000)
  region size 1024K, 2 young (2048K), 2 survivors (2048K)
 Metaspace       used 31044K, capacity 31917K, committed 32128K, reserved 1077248K
  class space    used 3824K, capacity 4193K, committed 4224K, reserved 1048576K
}
Event: 8.397 GC heap before
{Heap before GC invocations=13 (full 0):
 garbage-first heap   total 60416K, used 43132K [0x00000000a0000000, 0x0000000100000000)
  region size 1024K, 27 young (27648K), 2 survivors (2048K)
 Metaspace       used 34294K, capacity 35222K, committed 35584K, reserved 1081344K
  class space    used 4148K, capacity 4485K, committed 4608K, reserved 1048576K
}
Event: 8.407 GC heap after
{Heap after GC invocations=14 (full 0):
 garbage-first heap   total 77824K, used 19603K [0x00000000a0000000, 0x0000000100000000)
  region size 1024K, 3 young (3072K), 3 survivors (3072K)
 Metaspace       used 34294K, capacity 35222K, committed 35584K, reserved 1081344K
  class space    used 4148K, capacity 4485K, committed 4608K, reserved 1048576K
}
Event: 8.487 GC heap before
{Heap before GC invocations=14 (full 0):
 garbage-first heap   total 77824K, used 20627K [0x00000000a0000000, 0x0000000100000000)
  region size 1024K, 5 young (5120K), 3 survivors (3072K)
 Metaspace       used 34760K, capacity 35702K, committed 35840K, reserved 1081344K
  class space    used 4179K, capacity 4517K, committed 4608K, reserved 1048576K
}
Event: 8.498 GC heap after
{Heap after GC invocations=15 (full 0):
 garbage-first heap   total 77824K, used 20672K [0x00000000a0000000, 0x0000000100000000)
  region size 1024K, 4 young (4096K), 4 survivors (4096K)
 Metaspace       used 34760K, capacity 35702K, committed 35840K, reserved 1081344K
  class space    used 4179K, capacity 4517K, committed 4608K, reserved 1048576K
}
Event: 9.477 GC heap before
{Heap before GC invocations=16 (full 0):
 garbage-first heap   total 77824K, used 49344K [0x00000000a0000000, 0x0000000100000000)
  region size 1024K, 32 young (32768K), 4 survivors (4096K)
 Metaspace       used 40759K, capacity 41727K, committed 41984K, reserved 1085440K
  class space    used 5183K, capacity 5561K, committed 5632K, reserved 1048576K
}
Event: 9.495 GC heap after
{Heap after GC invocations=17 (full 0):
 garbage-first heap   total 77824K, used 22625K [0x00000000a0000000, 0x0000000100000000)
  region size 1024K, 4 young (4096K), 4 survivors (4096K)
 Metaspace       used 40759K, capacity 41727K, committed 41984K, reserved 1085440K
  class space    used 5183K, capacity 5561K, committed 5632K, reserved 1048576K
}
Event: 10.347 GC heap before
{Heap before GC invocations=18 (full 0):
 garbage-first heap   total 77824K, used 51297K [0x00000000a0000000, 0x0000000100000000)
  region size 1024K, 32 young (32768K), 4 survivors (4096K)
 Metaspace       used 45614K, capacity 46586K, committed 46720K, reserved 1089536K
  class space    used 5828K, capacity 6219K, committed 6272K, reserved 1048576K
}

Deoptimization events (20 events):
Event: 9.832 Thread 0x0000000000487000 Uncommon trap: trap_request=0xffffffde fr.pc=0x0000000012910410 relative=0x0000000000000910
Event: 9.832 Thread 0x0000000000487000 Uncommon trap: reason=class_check action=maybe_recompile pc=0x0000000012910410 method=java.util.TreeMap.getEntry(Ljava/lang/Object;)Ljava/util/TreeMap$Entry; @ 26 c2
Event: 9.832 Thread 0x0000000000487000 DEOPT PACKING pc=0x0000000012910410 sp=0x00000000022fe2b0
Event: 9.832 Thread 0x0000000000487000 DEOPT UNPACKING pc=0x000000000ac89429 sp=0x00000000022fe258 mode 2
Event: 9.832 Thread 0x0000000000487000 Uncommon trap: trap_request=0xffffffde fr.pc=0x0000000012910410 relative=0x0000000000000910
Event: 9.832 Thread 0x0000000000487000 Uncommon trap: reason=class_check action=maybe_recompile pc=0x0000000012910410 method=java.util.TreeMap.getEntry(Ljava/lang/Object;)Ljava/util/TreeMap$Entry; @ 26 c2
Event: 9.832 Thread 0x0000000000487000 DEOPT PACKING pc=0x0000000012910410 sp=0x00000000022fe290
Event: 9.832 Thread 0x0000000000487000 DEOPT UNPACKING pc=0x000000000ac89429 sp=0x00000000022fe238 mode 2
Event: 9.911 Thread 0x0000000000487000 Uncommon trap: trap_request=0xffffffde fr.pc=0x0000000012910410 relative=0x0000000000000910
Event: 9.911 Thread 0x0000000000487000 Uncommon trap: reason=class_check action=maybe_recompile pc=0x0000000012910410 method=java.util.TreeMap.getEntry(Ljava/lang/Object;)Ljava/util/TreeMap$Entry; @ 26 c2
Event: 9.911 Thread 0x0000000000487000 DEOPT PACKING pc=0x0000000012910410 sp=0x00000000022fe2b0
Event: 9.911 Thread 0x0000000000487000 DEOPT UNPACKING pc=0x000000000ac89429 sp=0x00000000022fe258 mode 2
Event: 9.911 Thread 0x0000000000487000 Uncommon trap: trap_request=0xffffffde fr.pc=0x0000000012910410 relative=0x0000000000000910
Event: 9.911 Thread 0x0000000000487000 Uncommon trap: reason=class_check action=maybe_recompile pc=0x0000000012910410 method=java.util.TreeMap.getEntry(Ljava/lang/Object;)Ljava/util/TreeMap$Entry; @ 26 c2
Event: 9.911 Thread 0x0000000000487000 DEOPT PACKING pc=0x0000000012910410 sp=0x00000000022fe290
Event: 9.911 Thread 0x0000000000487000 DEOPT UNPACKING pc=0x000000000ac89429 sp=0x00000000022fe238 mode 2
Event: 9.938 Thread 0x0000000000487000 Uncommon trap: trap_request=0xfffffff4 fr.pc=0x0000000012895598 relative=0x00000000000006b8
Event: 9.938 Thread 0x0000000000487000 Uncommon trap: reason=null_check action=make_not_entrant pc=0x0000000012895598 method=java.lang.Class.createAnnotationData(I)Ljava/lang/Class$AnnotationData; @ 14 c2
Event: 9.938 Thread 0x0000000000487000 DEOPT PACKING pc=0x0000000012895598 sp=0x00000000022fe100
Event: 9.938 Thread 0x0000000000487000 DEOPT UNPACKING pc=0x000000000ac89429 sp=0x00000000022fe040 mode 2

Classes unloaded (1 events):
Event: 8.564 Thread 0x000000002058c000 Unloading class 0x0000000800be2c40 'org/springframework/core/GenericTypeResolver$$Lambda$58'

Classes redefined (0 events):
No events

Internal exceptions (20 events):
Event: 8.038 Thread 0x0000000000487000 Exception <a 'java/lang/NullPointerException'{0x00000000a2a3a690}> (0x00000000a2a3a690) 
thrown [t:/workspace/open/src/hotspot/share/runtime/sharedRuntime.cpp, line 585]
Event: 8.038 Thread 0x0000000000487000 Implicit null exception at 0x000000000bb1a235 to 0x000000000bb1a81b
Event: 8.038 Thread 0x0000000000487000 Exception <a 'java/lang/NullPointerException'{0x00000000a2a3b620}> (0x00000000a2a3b620) 
thrown [t:/workspace/open/src/hotspot/share/runtime/sharedRuntime.cpp, line 585]
Event: 8.038 Thread 0x0000000000487000 Implicit null exception at 0x000000000bb1a235 to 0x000000000bb1a81b
Event: 8.038 Thread 0x0000000000487000 Exception <a 'java/lang/NullPointerException'{0x00000000a2a3c5a0}> (0x00000000a2a3c5a0) 
thrown [t:/workspace/open/src/hotspot/share/runtime/sharedRuntime.cpp, line 585]
Event: 8.038 Thread 0x0000000000487000 Implicit null exception at 0x000000000bb1a235 to 0x000000000bb1a81b
Event: 8.038 Thread 0x0000000000487000 Exception <a 'java/lang/NullPointerException'{0x00000000a2a3d530}> (0x00000000a2a3d530) 
thrown [t:/workspace/open/src/hotspot/share/runtime/sharedRuntime.cpp, line 585]
Event: 8.038 Thread 0x0000000000487000 Implicit null exception at 0x000000000bb1a235 to 0x000000000bb1a81b
Event: 8.038 Thread 0x0000000000487000 Exception <a 'java/lang/NullPointerException'{0x00000000a2a3e480}> (0x00000000a2a3e480) 
thrown [t:/workspace/open/src/hotspot/share/runtime/sharedRuntime.cpp, line 585]
Event: 8.038 Thread 0x0000000000487000 Implicit null exception at 0x000000000bb1a235 to 0x000000000bb1a81b
Event: 8.038 Thread 0x0000000000487000 Exception <a 'java/lang/NullPointerException'{0x00000000a2a3f418}> (0x00000000a2a3f418) 
thrown [t:/workspace/open/src/hotspot/share/runtime/sharedRuntime.cpp, line 585]
Event: 8.070 Thread 0x0000000000487000 Implicit null exception at 0x000000001289855a to 0x000000001289874a
Event: 8.094 Thread 0x0000000000487000 Exception <a 'java/lang/NoSuchMethodError'{0x00000000a2968a68}: 'java.lang.Object java.lang.invoke.DirectMethodHandle$Holder.invokeSpecial(java.lang.Object, java.lang.Object, java.lang.Object, java.lang.Object, java.lang.Object, java.lang.Object, int)'> (0x00000000a2968a68) 
thrown [t:/workspace/open/src/hotspot/share/interpreter/linkResolver.cpp, line 767]
Event: 8.095 Thread 0x0000000000487000 Exception <a 'java/lang/NoSuchMethodError'{0x00000000a29719d0}: 'java.lang.Object java.lang.invoke.DirectMethodHandle$Holder.invokeStatic(java.lang.Object, java.lang.Object, java.lang.Object, java.lang.Object, java.lang.Object, java.lang.Object, int)'> (0x00000000a29719d0) 
thrown [t:/workspace/open/src/hotspot/share/interpreter/linkResolver.cpp, line 767]
Event: 8.096 Thread 0x0000000000487000 Exception <a 'java/lang/NoSuchMethodError'{0x00000000a2975690}: 'java.lang.Object java.lang.invoke.DirectMethodHandle$Holder.invokeSpecial(java.lang.Object, java.lang.Object, java.lang.Object, java.lang.Object, java.lang.Object, java.lang.Object, java.lang.Object, int)'> (0x00000000a2975690) 
thrown [t:/workspace/open/src/hotspot/share/interpreter/linkResolver.cpp, line 767]
Event: 8.258 Thread 0x0000000000487000 Implicit null exception at 0x00000000127f9e88 to 0x00000000127fa436
Event: 8.711 Thread 0x0000000000487000 Exception <a 'java/lang/NoSuchMethodError'{0x00000000a5956030}: 'java.lang.Object java.lang.invoke.DirectMethodHandle$Holder.invokeStaticInit(java.lang.Object, java.lang.Object, java.lang.Object, java.lang.Object)'> (0x00000000a5956030) 
thrown [t:/workspace/open/src/hotspot/share/interpreter/linkResolver.cpp, line 767]
Event: 9.709 Thread 0x0000000000487000 Implicit null exception at 0x000000001282c17f to 0x000000001282c6e6
Event: 9.709 Thread 0x0000000000487000 Implicit null exception at 0x000000001290b92c to 0x000000001290b95e
Event: 9.938 Thread 0x0000000000487000 Implicit null exception at 0x0000000012894f9d to 0x000000001289558e

Events (20 events):
Event: 10.336 loading class org/hibernate/persister/internal/StandardPersisterClassResolver done
Event: 10.337 loading class org/hibernate/persister/spi/UnknownPersisterException
Event: 10.337 loading class org/hibernate/persister/spi/UnknownPersisterException done
Event: 10.338 loading class org/hibernate/persister/entity/SingleTableEntityPersister
Event: 10.338 loading class org/hibernate/persister/entity/SingleTableEntityPersister done
Event: 10.340 loading class org/hibernate/persister/entity/AbstractEntityPersister
Event: 10.340 loading class org/hibernate/persister/entity/AbstractEntityPersister done
Event: 10.345 loading class org/hibernate/persister/entity/OuterJoinLoadable
Event: 10.345 loading class org/hibernate/persister/entity/OuterJoinLoadable done
Event: 10.346 loading class org/hibernate/persister/entity/Loadable
Event: 10.346 loading class org/hibernate/persister/entity/Loadable done
Event: 10.346 loading class org/hibernate/persister/entity/Joinable
Event: 10.346 loading class org/hibernate/persister/entity/Joinable done
Event: 10.346 loading class org/hibernate/persister/entity/Queryable
Event: 10.346 loading class org/hibernate/persister/entity/Queryable done
Event: 10.347 loading class org/hibernate/persister/entity/PropertyMapping
Event: 10.347 loading class org/hibernate/persister/entity/PropertyMapping done
Event: 10.347 loading class org/hibernate/metadata/ClassMetadata
Event: 10.347 loading class org/hibernate/metadata/ClassMetadata done
Event: 10.347 Executing VM operation: G1CollectForAllocation


Dynamic libraries:
0x000000013f9b0000 - 0x000000013f9bf000 	C:\Program Files\Java\jdk-13.0.1\bin\java.exe
0x0000000076fc0000 - 0x0000000077169000 	C:\Windows\SYSTEM32\ntdll.dll
0x0000000076ea0000 - 0x0000000076fbf000 	C:\Windows\system32\kernel32.dll
0x000007fefcdd0000 - 0x000007fefce3c000 	C:\Windows\system32\KERNELBASE.dll
0x000007fef82e0000 - 0x000007fef82f8000 	C:\Program Files\Java\jdk-13.0.1\bin\jli.dll
0x000007fefe9e0000 - 0x000007fefeabb000 	C:\Windows\system32\ADVAPI32.dll
0x000007fefefb0000 - 0x000007feff04f000 	C:\Windows\system32\msvcrt.dll
0x000007fefe110000 - 0x000007fefe12f000 	C:\Windows\SYSTEM32\sechost.dll
0x000007fefe130000 - 0x000007fefe25d000 	C:\Windows\system32\RPCRT4.dll
0x000007fefb930000 - 0x000007fefbb24000 	C:\Windows\WinSxS\amd64_microsoft.windows.common-controls_6595b64144ccf1df_6.0.7601.17514_none_fa396087175ac9ac\COMCTL32.dll
0x000007fefd160000 - 0x000007fefd1c7000 	C:\Windows\system32\GDI32.dll
0x0000000076da0000 - 0x0000000076e9a000 	C:\Windows\system32\USER32.dll
0x000007feff050000 - 0x000007feff05e000 	C:\Windows\system32\LPK.dll
0x000007fefe040000 - 0x000007fefe109000 	C:\Windows\system32\USP10.dll
0x000007fefef20000 - 0x000007fefef91000 	C:\Windows\system32\SHLWAPI.dll
0x000007fefbe20000 - 0x000007fefbe2c000 	C:\Windows\system32\VERSION.dll
0x000007fee6010000 - 0x000007fee6025000 	C:\Program Files\Java\jdk-13.0.1\bin\VCRUNTIME140.dll
0x000007fef8b90000 - 0x000007fef8b94000 	C:\Program Files\Java\jdk-13.0.1\bin\api-ms-win-crt-runtime-l1-1-0.dll
0x000007fecbd70000 - 0x000007fecbe6c000 	C:\Program Files\Java\jdk-13.0.1\bin\ucrtbase.DLL
0x000007fef82d0000 - 0x000007fef82d3000 	C:\Program Files\Java\jdk-13.0.1\bin\api-ms-win-core-localization-l1-2-0.dll
0x000007fee6000000 - 0x000007fee6003000 	C:\Program Files\Java\jdk-13.0.1\bin\api-ms-win-core-processthreads-l1-1-1.dll
0x000007fee5fd0000 - 0x000007fee5fd3000 	C:\Program Files\Java\jdk-13.0.1\bin\api-ms-win-core-file-l1-2-0.dll
0x000007fee5fc0000 - 0x000007fee5fc3000 	C:\Program Files\Java\jdk-13.0.1\bin\api-ms-win-core-timezone-l1-1-0.dll
0x000007fee5fb0000 - 0x000007fee5fb3000 	C:\Program Files\Java\jdk-13.0.1\bin\api-ms-win-core-file-l2-1-0.dll
0x000007fee5fa0000 - 0x000007fee5fa3000 	C:\Program Files\Java\jdk-13.0.1\bin\api-ms-win-core-synch-l1-2-0.dll
0x000007fee5f90000 - 0x000007fee5f93000 	C:\Program Files\Java\jdk-13.0.1\bin\api-ms-win-crt-heap-l1-1-0.dll
0x000007fee5f80000 - 0x000007fee5f84000 	C:\Program Files\Java\jdk-13.0.1\bin\api-ms-win-crt-string-l1-1-0.dll
0x000007fee5f70000 - 0x000007fee5f74000 	C:\Program Files\Java\jdk-13.0.1\bin\api-ms-win-crt-stdio-l1-1-0.dll
0x000007fee5f60000 - 0x000007fee5f64000 	C:\Program Files\Java\jdk-13.0.1\bin\api-ms-win-crt-convert-l1-1-0.dll
0x000007fee5f50000 - 0x000007fee5f53000 	C:\Program Files\Java\jdk-13.0.1\bin\api-ms-win-crt-environment-l1-1-0.dll
0x000007fee5f40000 - 0x000007fee5f43000 	C:\Program Files\Java\jdk-13.0.1\bin\api-ms-win-crt-filesystem-l1-1-0.dll
0x000007fee5f30000 - 0x000007fee5f35000 	C:\Program Files\Java\jdk-13.0.1\bin\api-ms-win-crt-math-l1-1-0.dll
0x000007fee5f20000 - 0x000007fee5f23000 	C:\Program Files\Java\jdk-13.0.1\bin\api-ms-win-crt-locale-l1-1-0.dll
0x000007fefeac0000 - 0x000007fefeaee000 	C:\Windows\system32\IMM32.DLL
0x000007fefe8d0000 - 0x000007fefe9d9000 	C:\Windows\system32\MSCTF.dll
0x000007fecc0e0000 - 0x000007fecc17b000 	C:\Program Files\Java\jdk-13.0.1\bin\msvcp140.dll
0x000007fee5f10000 - 0x000007fee5f13000 	C:\Program Files\Java\jdk-13.0.1\bin\api-ms-win-crt-time-l1-1-0.dll
0x000007fee5f00000 - 0x000007fee5f03000 	C:\Program Files\Java\jdk-13.0.1\bin\api-ms-win-crt-utility-l1-1-0.dll
0x000007fec7ef0000 - 0x000007fec8a56000 	C:\Program Files\Java\jdk-13.0.1\bin\server\jvm.dll
0x000007fee5c90000 - 0x000007fee5c99000 	C:\Windows\system32\WSOCK32.dll
0x000007fefe880000 - 0x000007fefe8cd000 	C:\Windows\system32\WS2_32.dll
0x000007fefefa0000 - 0x000007fefefa8000 	C:\Windows\system32\NSI.dll
0x000007fef8d30000 - 0x000007fef8d6b000 	C:\Windows\system32\WINMM.dll
0x0000000077180000 - 0x0000000077187000 	C:\Windows\system32\PSAPI.DLL
0x000007fee5ef0000 - 0x000007fee5f00000 	C:\Program Files\Java\jdk-13.0.1\bin\verify.dll
0x000007fefaaf0000 - 0x000007fefac15000 	C:\Windows\system32\DBGHELP.DLL
0x000007fed7100000 - 0x000007fed7126000 	C:\Program Files\Java\jdk-13.0.1\bin\java.dll
0x000007fee5e40000 - 0x000007fee5e4e000 	C:\Program Files\Java\jdk-13.0.1\bin\instrument.dll
0x000007fed71d0000 - 0x000007fed71e7000 	C:\Program Files\Java\jdk-13.0.1\bin\zip.dll
0x000007fee5cd0000 - 0x000007fee5cda000 	C:\Program Files\Java\jdk-13.0.1\bin\jimage.dll
0x000007fefd2b0000 - 0x000007fefe038000 	C:\Windows\system32\SHELL32.dll
0x000007fefe5d0000 - 0x000007fefe7d3000 	C:\Windows\system32\ole32.dll
0x000007fefcdb0000 - 0x000007fefcdbf000 	C:\Windows\system32\profapi.dll
0x000007fed71b0000 - 0x000007fed71c9000 	C:\Program Files\Java\jdk-13.0.1\bin\net.dll
0x000007fef7940000 - 0x000007fef79b1000 	C:\Windows\system32\WINHTTP.dll
0x000007fef8c60000 - 0x000007fef8cc4000 	C:\Windows\system32\webio.dll
0x000007fefc580000 - 0x000007fefc5d5000 	C:\Windows\system32\mswsock.dll
0x000007fefc570000 - 0x000007fefc577000 	C:\Windows\System32\wship6.dll
0x000007fed70e0000 - 0x000007fed70f3000 	C:\Program Files\Java\jdk-13.0.1\bin\nio.dll
0x000007fecf890000 - 0x000007fecf8aa000 	E:\JetBrains\IntelliJ IDEA Community Edition 2019.3\bin\breakgen64.dll
0x000007fed71a0000 - 0x000007fed71a9000 	C:\Program Files\Java\jdk-13.0.1\bin\management.dll
0x000007fed2920000 - 0x000007fed292b000 	C:\Program Files\Java\jdk-13.0.1\bin\management_ext.dll
0x000007fefa8a0000 - 0x000007fefa8b5000 	C:\Windows\system32\NLAapi.dll
0x000007fefaad0000 - 0x000007fefaae5000 	C:\Windows\system32\napinsp.dll
0x000007fefa630000 - 0x000007fefa649000 	C:\Windows\system32\pnrpnsp.dll
0x000007fefc400000 - 0x000007fefc45b000 	C:\Windows\system32\DNSAPI.dll
0x000007fefa620000 - 0x000007fefa62b000 	C:\Windows\System32\winrnr.dll
0x000007fefbf60000 - 0x000007fefbf67000 	C:\Windows\System32\wshtcpip.dll
0x000007fefa4f0000 - 0x000007fefa517000 	C:\Windows\system32\IPHLPAPI.DLL
0x000007fefa4d0000 - 0x000007fefa4db000 	C:\Windows\system32\WINNSI.DLL
0x000007fef9f00000 - 0x000007fef9f08000 	C:\Windows\system32\rasadhlp.dll
0x000007fefa3d0000 - 0x000007fefa423000 	C:\Windows\System32\fwpuclnt.dll
0x000007fefc5e0000 - 0x000007fefc5f7000 	C:\Windows\system32\CRYPTSP.dll
0x000007fefc2a0000 - 0x000007fefc2e7000 	C:\Windows\system32\rsaenh.dll
0x000007fefd130000 - 0x000007fefd14e000 	C:\Windows\system32\USERENV.dll
0x000007fefcc40000 - 0x000007fefcc4f000 	C:\Windows\system32\CRYPTBASE.dll
0x000007fefa1d0000 - 0x000007fefa1e1000 	C:\Windows\system32\dhcpcsvc6.DLL
0x000007fefa1a0000 - 0x000007fefa1b8000 	C:\Windows\system32\dhcpcsvc.DLL

dbghelp: loaded successfully - version: 4.0.5 - missing functions: none
symbol engine: initialized successfully - sym options: 0x614 - pdb path: .;C:\Program Files\Java\jdk-13.0.1\bin;C:\Windows\SYSTEM32;C:\Windows\WinSxS\amd64_microsoft.windows.common-controls_6595b64144ccf1df_6.0.7601.17514_none_fa396087175ac9ac;C:\Program Files\Java\jdk-13.0.1\bin\server;E:\JetBrains\IntelliJ IDEA Community Edition 2019.3\bin

VM Arguments:
jvm_args: -javaagent:E:\JetBrains\IntelliJ IDEA Community Edition 2019.3\lib\idea_rt.jar=53223:E:\JetBrains\IntelliJ IDEA Community Edition 2019.3\bin -Dfile.encoding=UTF-8 
java_command: net.atos.MycarrentApplication
java_class_path (initial): C:\Users\Jakub\Desktop\projects_java\myCarRent\target\classes;C:\Users\Jakub\.m2\repository\org\springframework\boot\spring-boot-starter-data-jpa\2.1.7.RELEASE\spring-boot-starter-data-jpa-2.1.7.RELEASE.jar;C:\Users\Jakub\.m2\repository\org\springframework\boot\spring-boot-starter-aop\2.1.7.RELEASE\spring-boot-starter-aop-2.1.7.RELEASE.jar;C:\Users\Jakub\.m2\repository\org\aspectj\aspectjweaver\1.9.4\aspectjweaver-1.9.4.jar;C:\Users\Jakub\.m2\repository\org\springframework\boot\spring-boot-starter-jdbc\2.1.7.RELEASE\spring-boot-starter-jdbc-2.1.7.RELEASE.jar;C:\Users\Jakub\.m2\repository\com\zaxxer\HikariCP\3.2.0\HikariCP-3.2.0.jar;C:\Users\Jakub\.m2\repository\org\springframework\spring-jdbc\5.1.9.RELEASE\spring-jdbc-5.1.9.RELEASE.jar;C:\Users\Jakub\.m2\repository\javax\transaction\javax.transaction-api\1.3\javax.transaction-api-1.3.jar;C:\Users\Jakub\.m2\repository\javax\xml\bind\jaxb-api\2.3.1\jaxb-api-2.3.1.jar;C:\Users\Jakub\.m2\repository\javax\activation\javax.activation-api\1.2.0\javax.activation-api-1.2.0.jar;C:\Users\Jakub\.m2\repository\org\hibernate\hibernate-core\5.3.10.Final\hibernate-core-5.3.10.Final.jar;C:\Users\Jakub\.m2\repository\org\jboss\logging\jboss-logging\3.3.2.Final\jboss-logging-3.3.2.Final.jar;C:\Users\Jakub\.m2\repository\javax\persistence\javax.persistence-api\2.2\javax.persistence-api-2.2.jar;C:\Users\Jakub\.m2\repository\org\javassist\javassist\3.23.2-GA\javassist-3.23.2-GA.jar;C:\Users\Jakub\.m2\repository\net\bytebuddy\byte-buddy\1.9.16\byte-buddy-1.9.16.jar;C:\Users\Jakub\.m2\repository\antlr\antlr\2.7.7\antlr-2.7.7.jar;C:\Users\Jakub\.m2\repository\org\jboss\jandex\2.0.5.Final\jandex-2.0.5.Final.jar;C:\Users\Jakub\.m2\repository\com\fasterxml\classmate\1.4.0\classmate-1.4.0.jar;C:\Users\Jakub\.m2\repository\org\dom4j\dom4j\2.1.1\dom4j-2.1.1.jar;C:\Users\Jakub\.m2\repository\org\hibernate\common\hibernate-commons-annotations\5.0.4.Final\hibernate-commons-annotations-5.0.4.Final.jar;C:\Users\Jakub\.m2\r
Launcher Type: SUN_STANDARD

[Global flags]
     intx CICompilerCount                          = 3                                         {product} {ergonomic}
     uint ConcGCThreads                            = 1                                         {product} {ergonomic}
     uint G1ConcRefinementThreads                  = 4                                         {product} {ergonomic}
   size_t G1HeapRegionSize                         = 1048576                                   {product} {ergonomic}
    uintx GCDrainStackTargetSize                   = 64                                        {product} {ergonomic}
   size_t InitialHeapSize                          = 100663296                                 {product} {ergonomic}
   size_t MarkStackSize                            = 4194304                                   {product} {ergonomic}
   size_t MaxHeapSize                              = 1610612736                                {product} {ergonomic}
   size_t MaxNewSize                               = 965738496                                 {product} {ergonomic}
   size_t MinHeapDeltaBytes                        = 1048576                                   {product} {ergonomic}
   size_t MinHeapSize                              = 8388608                                   {product} {ergonomic}
    uintx NonNMethodCodeHeapSize                   = 5830732                                {pd product} {ergonomic}
    uintx NonProfiledCodeHeapSize                  = 122913754                              {pd product} {ergonomic}
    uintx ProfiledCodeHeapSize                     = 122913754                              {pd product} {ergonomic}
    uintx ReservedCodeCacheSize                    = 251658240                              {pd product} {ergonomic}
     bool SegmentedCodeCache                       = true                                      {product} {ergonomic}
   size_t SoftMaxHeapSize                          = 1610612736                             {manageable} {ergonomic}
     bool UseCompressedClassPointers               = true                                 {lp64_product} {ergonomic}
     bool UseCompressedOops                        = true                                 {lp64_product} {ergonomic}
     bool UseG1GC                                  = true                                      {product} {ergonomic}
     bool UseLargePagesIndividualAllocation        = false                                  {pd product} {ergonomic}

Logging:
Log output configuration:
 #0: stdout all=warning uptime,level,tags
 #1: stderr all=off uptime,level,tags

Environment Variables:
PATH=C:\Program Files (x86)\NVIDIA Corporation\PhysX\Common;C:\Program Files\Java\jdk-13.0.1\bin;C:\Windows\system32;C:\Windows;C:\Windows\System32\Wbem;C:\Windows\System32\WindowsPowerShell\v1.0\;C:\Program Files (x86)\AMD\ATI.ACE\Core-Static
USERNAME=Jakub
OS=Windows_NT
PROCESSOR_IDENTIFIER=Intel64 Family 6 Model 15 Stepping 11, GenuineIntel



---------------  S Y S T E M  ---------------

OS: Windows 7 , 64 bit Build 7601 (6.1.7601.18409)

CPU:total 4 (initial active 4) (4 cores per cpu, 1 threads per core) family 6 model 15 stepping 11, cmov, cx8, fxsr, mmx, sse, sse2, sse3, ssse3, tsc

Memory: 4k page, system-wide physical 6143M (1210M free)
TotalPageFile size 12284M (AvailPageFile size 6344M)
current process WorkingSet (physical memory assigned to process): 238M, peak: 241M
current process commit charge ("private bytes"): 276M, peak: 279M

vm_info: Java HotSpot(TM) 64-Bit Server VM (13.0.1+9) for windows-amd64 JRE (13.0.1+9), built on Oct  6 2019 12:37:49 by "mach5one" with unknown MS VC++:1916

END.
